
01:21:14.654 - __main__ - INFO - optimizer script run directly
01:21:14.888 - __main__ - INFO - np_stats_sorted
[(512.8103730262252, [0.0, 2.0, 1.0, 3.0, 4.0], nan)
 (493.9652356619123, [0.0, 2.0, 1.0, 3.0, 4.0], 1e-06)]
01:21:14.997 - __main__ - INFO - np_stats_sorted
[(512.8103730262252, [0.0, 2.0, 1.0, 3.0, 4.0], nan)
 (493.9652356619123, [1.0, 2.0, 0.0, 3.0, 4.0], 1e-06)
 (454.38835446827056, [1.0, 2.0, 0.0, 3.0, 4.0], -0.49999899999999997)]
01:21:15.122 - __main__ - INFO - np_stats_sorted
[(512.8103730262252, [0.0, 2.0, 1.0, 3.0, 4.0], nan)
 (493.9652356619123, [1.0, 2.0, 0.0, 3.0, 4.0], 1e-06)
 (454.38835446827056, [1.0, 2.0, 4.0, 3.0, 0.0], -0.49999899999999997)
 (443.2787041671014, [1.0, 2.0, 4.0, 3.0, 0.0], 249999.00000099998)]
01:21:15.232 - __main__ - INFO - np_stats_sorted
[(512.8103730262252, [0.0, 2.0, 1.0, 3.0, 4.0], nan)
 (493.9652356619123, [1.0, 2.0, 0.0, 3.0, 4.0], 1e-06)
 (454.38835446827056, [1.0, 2.0, 4.0, 3.0, 0.0], -0.49999899999999997)
 (448.08429106071515, [1.0, 2.0, 3.0, 4.0, 0.0], -124999250001.49998)
 (443.2787041671014, [1.0, 2.0, 3.0, 4.0, 0.0], 249999.00000099998)]
01:21:15.357 - __main__ - INFO - np_stats_sorted
[(512.8103730262252, [0.0, 2.0, 1.0, 3.0, 4.0], nan)
 (493.9652356619123, [1.0, 2.0, 0.0, 3.0, 4.0], 1e-06)
 (472.5011044977721, [1.0, 3.0, 2.0, 4.0, 0.0], 6.249950000149999e+16)
 (454.38835446827056, [1.0, 2.0, 4.0, 3.0, 0.0], -0.49999899999999997)
 (448.08429106071515, [1.0, 3.0, 2.0, 4.0, 0.0], -124999250001.49998)
 (443.2787041671014, [1.0, 2.0, 3.0, 4.0, 0.0], 249999.00000099998)]
01:21:15.372 - __main__ - INFO - optimizer script finished running
01:23:49.059 - __main__ - INFO - optimizer script run directly
01:23:49.292 - __main__ - INFO - np_stats_sorted
[(512.8103730262252, [0.0, 1.0, 4.0, 3.0, 2.0], nan)
 (456.0517484860352, [0.0, 1.0, 4.0, 3.0, 2.0], 1e-06)]
01:23:49.323 - __main__ - INFO - optimizer script finished running
01:28:03.069 - __main__ - INFO - optimizer script run directly
01:29:00.788 - __main__ - INFO - optimizer script run directly
01:29:14.578 - __main__ - INFO - optimizer script run directly
01:29:14.816 - __main__ - INFO - np_stats_sorted
[(6.323617278084036, [0.0, 1.0, 4.0, 3.0, 2.0], nan)
 (6.144132237726437, [0.0, 1.0, 4.0, 3.0, 2.0], 1e-06)]
01:29:14.848 - __main__ - INFO - optimizer script finished running
01:30:27.913 - __main__ - INFO - optimizer script run directly
