[ 2015-12-31 10:19:21.2105 32037/7f9a9ece47c0 age/Wat/WatchdogMain.cpp:1276 ]: Starting Passenger watchdog...
[ 2015-12-31 10:19:21.2160 32040/7fc296c1d7c0 age/Cor/CoreMain.cpp:957 ]: Starting Passenger core...
[ 2015-12-31 10:19:21.2161 32040/7fc296c1d7c0 age/Cor/CoreMain.cpp:234 ]: Passenger core running in multi-application mode.
[ 2015-12-31 10:19:21.2173 32040/7fc296c1d7c0 age/Cor/CoreMain.cpp:707 ]: Passenger core online, PID 32040
[ 2015-12-31 10:19:21.2228 32045/7f487d7a27c0 age/Ust/UstRouterMain.cpp:504 ]: Starting Passenger UstRouter...
[ 2015-12-31 10:19:21.2232 32045/7f487d7a27c0 age/Ust/UstRouterMain.cpp:317 ]: Passenger UstRouter online, PID 32045
App 32076 stdout: 


[ 2015-12-31 10:57:56.0865 32040/7fc29044a700 age/Cor/CoreMain.cpp:507 ]: Signal received. Gracefully shutting down... (send signal 2 more time(s) to force shutdown)
[ 2015-12-31 10:57:56.0875 32040/7fc296c1d7c0 age/Cor/CoreMain.cpp:876 ]: Received command to shutdown gracefully. Waiting until all clients have disconnected...
[ 2015-12-31 10:57:56.0875 32045/7f4876f94700 age/Ust/UstRouterMain.cpp:397 ]: Signal received. Gracefully shutting down... (send signal 2 more time(s) to force shutdown)
[ 2015-12-31 10:57:56.0885 32045/7f487d7a27c0 age/Ust/UstRouterMain.cpp:467 ]: Received command to shutdown gracefully. Waiting until all clients have disconnected...
[ 2015-12-31 10:57:56.0909 32040/7fc296c1d7c0 age/Cor/CoreMain.cpp:794 ]: Disconnecting long-running connections for process 32076, application /var/www/othodiapp/code/public (production)
[ 2015-12-31 10:57:56.0921 32040/7fc28fc49700 Ser/Server.h:759 ]: [ApiServer] Freed 0 spare client objects
[ 2015-12-31 10:57:56.0921 32040/7fc28fc49700 Ser/Server.h:444 ]: [ApiServer] Shutdown finished
[ 2015-12-31 10:57:56.0941 32045/7f4876793700 Ser/Server.h:759 ]: [UstRouterApiServer] Freed 0 spare client objects
[ 2015-12-31 10:57:56.0941 32045/7f4876793700 Ser/Server.h:444 ]: [UstRouterApiServer] Shutdown finished
[ 2015-12-31 10:57:56.0943 32045/7f4876f94700 Ser/Server.h:444 ]: [UstRouter] Shutdown finished
[ 2015-12-31 10:57:56.0944 32045/7f487d7a27c0 age/Ust/UstRouterMain.cpp:498 ]: Passenger UstRouter shutdown finished
[ 2015-12-31 10:57:56.0935 32040/7fc29044a700 Ser/Server.h:759 ]: [ServerThr.1] Freed 128 spare client objects
[ 2015-12-31 10:57:56.0961 32040/7fc29044a700 Ser/Server.h:444 ]: [ServerThr.1] Shutdown finished
[ 2015-12-31 10:57:56.0970 32040/7fc296c1d7c0 age/Cor/CoreMain.cpp:794 ]: Disconnecting long-running connections for process 32076, application /var/www/othodiapp/code/public (production)
[ 2015-12-31 10:57:56.1997 32040/7fc296c1d7c0 age/Cor/CoreMain.cpp:942 ]: Passenger core shutdown finished
[ 2015-12-31 11:01:18.0617 2066/7f78e840e7c0 age/Wat/WatchdogMain.cpp:1276 ]: Starting Passenger watchdog...
[ 2015-12-31 11:01:18.0681 2069/7fb40f2ad7c0 age/Cor/CoreMain.cpp:957 ]: Starting Passenger core...
[ 2015-12-31 11:01:18.0682 2069/7fb40f2ad7c0 age/Cor/CoreMain.cpp:234 ]: Passenger core running in multi-application mode.
[ 2015-12-31 11:01:18.0711 2069/7fb40f2ad7c0 age/Cor/CoreMain.cpp:707 ]: Passenger core online, PID 2069
[ 2015-12-31 11:01:18.0789 2076/7fd027d0b7c0 age/Ust/UstRouterMain.cpp:504 ]: Starting Passenger UstRouter...
[ 2015-12-31 11:01:18.0801 2076/7fd027d0b7c0 age/Ust/UstRouterMain.cpp:317 ]: Passenger UstRouter online, PID 2076
App 2105 stdout: 
App 2105 stderr: Traceback (most recent call last):
App 2105 stderr:   File "/usr/share/passenger/helper-scripts/wsgi-loader.py", line 325, in <module>
App 2105 stderr:     
App 2105 stderr: app_module = load_app()
App 2105 stderr:   File "/usr/share/passenger/helper-scripts/wsgi-loader.py", line 62, in load_app
App 2105 stderr:     
App 2105 stderr: return imp.load_source('passenger_wsgi', startup_file)
App 2105 stderr:   File "/var/www/othodiapp/code/passenger_wsgi.py", line 2, in <module>
App 2105 stderr:     
App 2105 stderr: from app import MyApp as application
App 2105 stderr: 
App 2105 stderr:   File "
App 2105 stderr: /var/www/othodiapp/code/app.py
App 2105 stderr: ", line 
App 2105 stderr: 8
App 2105 stderr: 
App 2105 stderr:     
App 2105 stderr: return render_template('index.html')
App 2105 stderr:     
App 2105 stderr: ^
App 2105 stderr: IndentationError
App 2105 stderr: : 
App 2105 stderr: unexpected indent
App 2105 stderr: 
[ 2015-12-31 11:01:20.2806 2069/7fb4082d9700 age/Cor/App/Implementation.cpp:304 ]: Could not spawn process for application /var/www/othodiapp/code: An error occurred while starting the web application. It exited before signalling successful startup back to Phusion Passenger.
  Error ID: bf3ee8b3
  Error details saved to: /tmp/passenger-error-aU9ird.html
  Message from application: An error occurred while starting the web application. It exited before signalling successful startup back to Phusion Passenger. Please read <a href="https://github.com/phusion/passenger/wiki/Debugging-application-startup-problems">this article</a> for more information about this problem.<br>
<h2>Raw process output:</h2>
<pre>
Traceback (most recent call last):
  File &quot;/usr/share/passenger/helper-scripts/wsgi-loader.py&quot;, line 325, in &lt;module&gt;
    app_module = load_app()
  File &quot;/usr/share/passenger/helper-scripts/wsgi-loader.py&quot;, line 62, in load_app
    return imp.load_source(&apos;passenger_wsgi&apos;, startup_file)
  File &quot;/var/www/othodiapp/code/passenger_wsgi.py&quot;, line 2, in &lt;module&gt;
    from app import MyApp as application
  File &quot;/var/www/othodiapp/code/app.py&quot;, line 8
    return render_template(&apos;index.html&apos;)
    ^
IndentationError: unexpected indent
</pre>

[ 2015-12-31 11:01:20.2847 2069/7fb408ada700 age/Cor/Con/CheckoutSession.cpp:277 ]: [Client 1-1] Cannot checkout session because a spawning error occurred. The identifier of the error is bf3ee8b3. Please see earlier logs for details about the error.
App 2118 stdout: 
App 2118 stderr: Traceback (most recent call last):
App 2118 stderr:   File "/usr/share/passenger/helper-scripts/wsgi-loader.py", line 325, in <module>
App 2118 stderr:     
App 2118 stderr: app_module = load_app()
App 2118 stderr:   File "/usr/share/passenger/helper-scripts/wsgi-loader.py", line 62, in load_app
App 2118 stderr:     
App 2118 stderr: return imp.load_source('passenger_wsgi', startup_file)
App 2118 stderr:   File "/var/www/othodiapp/code/passenger_wsgi.py", line 2, in <module>
App 2118 stderr:     
App 2118 stderr: from app import MyApp as application
App 2118 stderr: 
App 2118 stderr:   File "
App 2118 stderr: /var/www/othodiapp/code/app.py
App 2118 stderr: ", line 
App 2118 stderr: 8
App 2118 stderr: 
App 2118 stderr:     
App 2118 stderr: return render_template('index.html')
App 2118 stderr:     
App 2118 stderr: ^
App 2118 stderr: IndentationError
App 2118 stderr: : 
App 2118 stderr: unexpected indent
App 2118 stderr: 
[ 2015-12-31 11:01:31.8583 2069/7fb4082d9700 age/Cor/App/Implementation.cpp:304 ]: Could not spawn process for application /var/www/othodiapp/code: An error occurred while starting the web application. It exited before signalling successful startup back to Phusion Passenger.
  Error ID: 6590f7ca
  Error details saved to: /tmp/passenger-error-IuwPw6.html
  Message from application: An error occurred while starting the web application. It exited before signalling successful startup back to Phusion Passenger. Please read <a href="https://github.com/phusion/passenger/wiki/Debugging-application-startup-problems">this article</a> for more information about this problem.<br>
<h2>Raw process output:</h2>
<pre>
Traceback (most recent call last):
  File &quot;/usr/share/passenger/helper-scripts/wsgi-loader.py&quot;, line 325, in &lt;module&gt;
    app_module = load_app()
  File &quot;/usr/share/passenger/helper-scripts/wsgi-loader.py&quot;, line 62, in load_app
    return imp.load_source(&apos;passenger_wsgi&apos;, startup_file)
  File &quot;/var/www/othodiapp/code/passenger_wsgi.py&quot;, line 2, in &lt;module&gt;
    from app import MyApp as application
  File &quot;/var/www/othodiapp/code/app.py&quot;, line 8
    return render_template(&apos;index.html&apos;)
    ^
IndentationError: unexpected indent
</pre>

[ 2015-12-31 11:01:31.8624 2069/7fb408ada700 age/Cor/Con/CheckoutSession.cpp:277 ]: [Client 1-2] Cannot checkout session because a spawning error occurred. The identifier of the error is 6590f7ca. Please see earlier logs for details about the error.
App 2131 stdout: 
App 2131 stderr: Traceback (most recent call last):
App 2131 stderr:   File "/usr/share/passenger/helper-scripts/wsgi-loader.py", line 325, in <module>
App 2131 stderr:     
App 2131 stderr: app_module = load_app()
App 2131 stderr:   File "/usr/share/passenger/helper-scripts/wsgi-loader.py", line 62, in load_app
App 2131 stderr:     
App 2131 stderr: return imp.load_source('passenger_wsgi', startup_file)
App 2131 stderr:   File "/var/www/othodiapp/code/passenger_wsgi.py", line 2, in <module>
App 2131 stderr:     
App 2131 stderr: from app import MyApp as application
App 2131 stderr: 
App 2131 stderr:   File "
App 2131 stderr: /var/www/othodiapp/code/app.py
App 2131 stderr: ", line 
App 2131 stderr: 8
App 2131 stderr: 
App 2131 stderr:     
App 2131 stderr: return render_template('index.html')
App 2131 stderr:     
App 2131 stderr: ^
App 2131 stderr: IndentationError
App 2131 stderr: : 
App 2131 stderr: unexpected indent
App 2131 stderr: 
[ 2015-12-31 11:01:36.9585 2069/7fb4082d9700 age/Cor/App/Implementation.cpp:304 ]: Could not spawn process for application /var/www/othodiapp/code: An error occurred while starting the web application. It exited before signalling successful startup back to Phusion Passenger.
  Error ID: ce03d70b
  Error details saved to: /tmp/passenger-error-dipSkq.html
  Message from application: An error occurred while starting the web application. It exited before signalling successful startup back to Phusion Passenger. Please read <a href="https://github.com/phusion/passenger/wiki/Debugging-application-startup-problems">this article</a> for more information about this problem.<br>
<h2>Raw process output:</h2>
<pre>
Traceback (most recent call last):
  File &quot;/usr/share/passenger/helper-scripts/wsgi-loader.py&quot;, line 325, in &lt;module&gt;
    app_module = load_app()
  File &quot;/usr/share/passenger/helper-scripts/wsgi-loader.py&quot;, line 62, in load_app
    return imp.load_source(&apos;passenger_wsgi&apos;, startup_file)
  File &quot;/var/www/othodiapp/code/passenger_wsgi.py&quot;, line 2, in &lt;module&gt;
    from app import MyApp as application
  File &quot;/var/www/othodiapp/code/app.py&quot;, line 8
    return render_template(&apos;index.html&apos;)
    ^
IndentationError: unexpected indent
</pre>

[ 2015-12-31 11:01:36.9625 2069/7fb408ada700 age/Cor/Con/CheckoutSession.cpp:277 ]: [Client 1-3] Cannot checkout session because a spawning error occurred. The identifier of the error is ce03d70b. Please see earlier logs for details about the error.

[ 2015-12-31 11:05:38.1255 2069/7fb408ada700 age/Cor/CoreMain.cpp:507 ]: Signal received. Gracefully shutting down... (send signal 2 more time(s) to force shutdown)
[ 2015-12-31 11:05:38.1255 2069/7fb40f2ad7c0 age/Cor/CoreMain.cpp:876 ]: Received command to shutdown gracefully. Waiting until all clients have disconnected...
[ 2015-12-31 11:05:38.1256 2069/7fb3fbfff700 Ser/Server.h:759 ]: [ApiServer] Freed 0 spare client objects
[ 2015-12-31 11:05:38.1256 2069/7fb3fbfff700 Ser/Server.h:444 ]: [ApiServer] Shutdown finished
[ 2015-12-31 11:05:38.1257 2069/7fb408ada700 Ser/Server.h:759 ]: [ServerThr.1] Freed 128 spare client objects
[ 2015-12-31 11:05:38.1257 2069/7fb408ada700 Ser/Server.h:444 ]: [ServerThr.1] Shutdown finished

[ 2015-12-31 11:05:38.1258 2076/7fd0214fd700 age/Ust/UstRouterMain.cpp:397 ]: Signal received. Gracefully shutting down... (send signal 2 more time(s) to force shutdown)
[ 2015-12-31 11:05:38.1258 2076/7fd027d0b7c0 age/Ust/UstRouterMain.cpp:467 ]: Received command to shutdown gracefully. Waiting until all clients have disconnected...
[ 2015-12-31 11:05:38.1259 2076/7fd020cfc700 Ser/Server.h:759 ]: [UstRouterApiServer] Freed 0 spare client objects
[ 2015-12-31 11:05:38.1259 2076/7fd020cfc700 Ser/Server.h:444 ]: [UstRouterApiServer] Shutdown finished
[ 2015-12-31 11:05:38.1260 2076/7fd0214fd700 Ser/Server.h:444 ]: [UstRouter] Shutdown finished
[ 2015-12-31 11:05:38.1261 2076/7fd027d0b7c0 age/Ust/UstRouterMain.cpp:498 ]: Passenger UstRouter shutdown finished
[ 2015-12-31 11:05:38.1271 2069/7fb40f2ad7c0 age/Cor/CoreMain.cpp:942 ]: Passenger core shutdown finished
[ 2015-12-31 11:06:12.7560 2180/7f11940237c0 age/Wat/WatchdogMain.cpp:1276 ]: Starting Passenger watchdog...
[ 2015-12-31 11:06:12.7616 2183/7f3aeb9867c0 age/Cor/CoreMain.cpp:957 ]: Starting Passenger core...
[ 2015-12-31 11:06:12.7617 2183/7f3aeb9867c0 age/Cor/CoreMain.cpp:234 ]: Passenger core running in multi-application mode.
[ 2015-12-31 11:06:12.7630 2183/7f3aeb9867c0 age/Cor/CoreMain.cpp:707 ]: Passenger core online, PID 2183
[ 2015-12-31 11:06:12.7687 2188/7fe363cd07c0 age/Ust/UstRouterMain.cpp:504 ]: Starting Passenger UstRouter...
[ 2015-12-31 11:06:12.7691 2188/7fe363cd07c0 age/Ust/UstRouterMain.cpp:317 ]: Passenger UstRouter online, PID 2188
App 2219 stdout: 

[ 2015-12-31 11:07:03.8760 2183/7f3ae51b3700 age/Cor/CoreMain.cpp:507 ]: Signal received. Gracefully shutting down... (send signal 2 more time(s) to force shutdown)
[ 2015-12-31 11:07:03.8760 2183/7f3aeb9867c0 age/Cor/CoreMain.cpp:876 ]: Received command to shutdown gracefully. Waiting until all clients have disconnected...
[ 2015-12-31 11:07:03.8760 2183/7f3aeb9867c0 age/Cor/CoreMain.cpp:794 ]: Disconnecting long-running connections for process 2219, application /var/www/othodiapp/code/public (production)
[ 2015-12-31 11:07:03.8761 2183/7f3ae49b2700 Ser/Server.h:759 ]: [ApiServer] Freed 0 spare client objects
[ 2015-12-31 11:07:03.8761 2183/7f3ae49b2700 Ser/Server.h:444 ]: [ApiServer] Shutdown finished
[ 2015-12-31 11:07:03.8762 2183/7f3ae51b3700 Ser/Server.h:759 ]: [ServerThr.1] Freed 128 spare client objects
[ 2015-12-31 11:07:03.8762 2183/7f3ae51b3700 Ser/Server.h:444 ]: [ServerThr.1] Shutdown finished
[ 2015-12-31 11:07:03.8762 2183/7f3aeb9867c0 age/Cor/CoreMain.cpp:794 ]: Disconnecting long-running connections for process 2219, application /var/www/othodiapp/code/public (production)

[ 2015-12-31 11:07:03.8763 2188/7fe35d4c2700 age/Ust/UstRouterMain.cpp:397 ]: Signal received. Gracefully shutting down... (send signal 2 more time(s) to force shutdown)
[ 2015-12-31 11:07:03.8764 2188/7fe363cd07c0 age/Ust/UstRouterMain.cpp:467 ]: Received command to shutdown gracefully. Waiting until all clients have disconnected...
[ 2015-12-31 11:07:03.8764 2188/7fe35ccc1700 Ser/Server.h:759 ]: [UstRouterApiServer] Freed 0 spare client objects
[ 2015-12-31 11:07:03.8764 2188/7fe35ccc1700 Ser/Server.h:444 ]: [UstRouterApiServer] Shutdown finished
[ 2015-12-31 11:07:03.8765 2188/7fe35d4c2700 Ser/Server.h:444 ]: [UstRouter] Shutdown finished
[ 2015-12-31 11:07:03.8766 2188/7fe363cd07c0 age/Ust/UstRouterMain.cpp:498 ]: Passenger UstRouter shutdown finished
[ 2015-12-31 11:07:03.9840 2183/7f3aeb9867c0 age/Cor/CoreMain.cpp:942 ]: Passenger core shutdown finished
[ 2015-12-31 11:11:56.2005 2314/7fe1ba39e7c0 age/Wat/WatchdogMain.cpp:1276 ]: Starting Passenger watchdog...
[ 2015-12-31 11:11:56.2060 2317/7fd6fe34f7c0 age/Cor/CoreMain.cpp:957 ]: Starting Passenger core...
[ 2015-12-31 11:11:56.2061 2317/7fd6fe34f7c0 age/Cor/CoreMain.cpp:234 ]: Passenger core running in multi-application mode.
[ 2015-12-31 11:11:56.2075 2317/7fd6fe34f7c0 age/Cor/CoreMain.cpp:707 ]: Passenger core online, PID 2317
[ 2015-12-31 11:11:56.2130 2322/7fb0a036a7c0 age/Ust/UstRouterMain.cpp:504 ]: Starting Passenger UstRouter...
[ 2015-12-31 11:11:56.2134 2322/7fb0a036a7c0 age/Ust/UstRouterMain.cpp:317 ]: Passenger UstRouter online, PID 2322
App 2353 stdout: 

[ 2015-12-31 11:13:27.4648 2317/7fd6f7b7c700 age/Cor/CoreMain.cpp:507 ]: Signal received. Gracefully shutting down... (send signal 2 more time(s) to force shutdown)
[ 2015-12-31 11:13:27.4649 2317/7fd6fe34f7c0 age/Cor/CoreMain.cpp:876 ]: Received command to shutdown gracefully. Waiting until all clients have disconnected...
[ 2015-12-31 11:13:27.4649 2317/7fd6fe34f7c0 age/Cor/CoreMain.cpp:794 ]: Disconnecting long-running connections for process 2353, application /var/www/othodiapp/code/public (production)
[ 2015-12-31 11:13:27.4649 2317/7fd6f737b700 Ser/Server.h:759 ]: [ApiServer] Freed 0 spare client objects
[ 2015-12-31 11:13:27.4649 2317/7fd6f737b700 Ser/Server.h:444 ]: [ApiServer] Shutdown finished
[ 2015-12-31 11:13:27.4650 2317/7fd6f7b7c700 Ser/Server.h:759 ]: [ServerThr.1] Freed 128 spare client objects
[ 2015-12-31 11:13:27.4651 2317/7fd6f7b7c700 Ser/Server.h:444 ]: [ServerThr.1] Shutdown finished
[ 2015-12-31 11:13:27.4651 2317/7fd6fe34f7c0 age/Cor/CoreMain.cpp:794 ]: Disconnecting long-running connections for process 2353, application /var/www/othodiapp/code/public (production)

[ 2015-12-31 11:13:27.4652 2322/7fb099b5c700 age/Ust/UstRouterMain.cpp:397 ]: Signal received. Gracefully shutting down... (send signal 2 more time(s) to force shutdown)
[ 2015-12-31 11:13:27.4652 2322/7fb0a036a7c0 age/Ust/UstRouterMain.cpp:467 ]: Received command to shutdown gracefully. Waiting until all clients have disconnected...
[ 2015-12-31 11:13:27.4653 2322/7fb09935b700 Ser/Server.h:759 ]: [UstRouterApiServer] Freed 0 spare client objects
[ 2015-12-31 11:13:27.4653 2322/7fb09935b700 Ser/Server.h:444 ]: [UstRouterApiServer] Shutdown finished
[ 2015-12-31 11:13:27.4654 2322/7fb099b5c700 Ser/Server.h:444 ]: [UstRouter] Shutdown finished
[ 2015-12-31 11:13:27.4655 2322/7fb0a036a7c0 age/Ust/UstRouterMain.cpp:498 ]: Passenger UstRouter shutdown finished
[ 2015-12-31 11:13:27.5720 2317/7fd6fe34f7c0 age/Cor/CoreMain.cpp:942 ]: Passenger core shutdown finished
[ 2015-12-31 11:19:07.5276 2496/7f1611b767c0 age/Wat/WatchdogMain.cpp:1276 ]: Starting Passenger watchdog...
[ 2015-12-31 11:19:07.5331 2499/7f5add25b7c0 age/Cor/CoreMain.cpp:957 ]: Starting Passenger core...
[ 2015-12-31 11:19:07.5332 2499/7f5add25b7c0 age/Cor/CoreMain.cpp:234 ]: Passenger core running in multi-application mode.
[ 2015-12-31 11:19:07.5345 2499/7f5add25b7c0 age/Cor/CoreMain.cpp:707 ]: Passenger core online, PID 2499
[ 2015-12-31 11:19:07.5404 2504/7fb1693227c0 age/Ust/UstRouterMain.cpp:504 ]: Starting Passenger UstRouter...
[ 2015-12-31 11:19:07.5409 2504/7fb1693227c0 age/Ust/UstRouterMain.cpp:317 ]: Passenger UstRouter online, PID 2504
App 2535 stdout: 

[ 2015-12-31 13:20:14.8053 2499/7f5ad6a88700 age/Cor/CoreMain.cpp:507 ]: Signal received. Gracefully shutting down... (send signal 2 more time(s) to force shutdown)
[ 2015-12-31 13:20:14.8054 2499/7f5add25b7c0 age/Cor/CoreMain.cpp:876 ]: Received command to shutdown gracefully. Waiting until all clients have disconnected...
[ 2015-12-31 13:20:14.8054 2499/7f5add25b7c0 age/Cor/CoreMain.cpp:794 ]: Disconnecting long-running connections for process 2535, application /var/www/othodiapp/code/public (production)
[ 2015-12-31 13:20:14.8054 2499/7f5ad6287700 Ser/Server.h:759 ]: [ApiServer] Freed 0 spare client objects
[ 2015-12-31 13:20:14.8054 2499/7f5ad6287700 Ser/Server.h:444 ]: [ApiServer] Shutdown finished
[ 2015-12-31 13:20:14.8055 2499/7f5ad6a88700 Ser/Server.h:759 ]: [ServerThr.1] Freed 128 spare client objects
[ 2015-12-31 13:20:14.8055 2499/7f5ad6a88700 Ser/Server.h:444 ]: [ServerThr.1] Shutdown finished
[ 2015-12-31 13:20:14.8056 2499/7f5add25b7c0 age/Cor/CoreMain.cpp:794 ]: Disconnecting long-running connections for process 2535, application /var/www/othodiapp/code/public (production)

[ 2015-12-31 13:20:14.8057 2504/7fb162b14700 age/Ust/UstRouterMain.cpp:397 ]: Signal received. Gracefully shutting down... (send signal 2 more time(s) to force shutdown)
[ 2015-12-31 13:20:14.8057 2504/7fb1693227c0 age/Ust/UstRouterMain.cpp:467 ]: Received command to shutdown gracefully. Waiting until all clients have disconnected...
[ 2015-12-31 13:20:14.8057 2504/7fb162313700 Ser/Server.h:759 ]: [UstRouterApiServer] Freed 0 spare client objects
[ 2015-12-31 13:20:14.8057 2504/7fb162313700 Ser/Server.h:444 ]: [UstRouterApiServer] Shutdown finished
[ 2015-12-31 13:20:14.8058 2504/7fb162b14700 Ser/Server.h:444 ]: [UstRouter] Shutdown finished
[ 2015-12-31 13:20:14.8059 2504/7fb1693227c0 age/Ust/UstRouterMain.cpp:498 ]: Passenger UstRouter shutdown finished
[ 2015-12-31 13:20:14.9120 2499/7f5add25b7c0 age/Cor/CoreMain.cpp:942 ]: Passenger core shutdown finished
[ 2015-12-31 13:20:40.9804 5993/7f0345fa57c0 age/Wat/WatchdogMain.cpp:1276 ]: Starting Passenger watchdog...
[ 2015-12-31 13:20:40.9859 5996/7f028bbe37c0 age/Cor/CoreMain.cpp:957 ]: Starting Passenger core...
[ 2015-12-31 13:20:40.9861 5996/7f028bbe37c0 age/Cor/CoreMain.cpp:234 ]: Passenger core running in multi-application mode.
[ 2015-12-31 13:20:40.9874 5996/7f028bbe37c0 age/Cor/CoreMain.cpp:707 ]: Passenger core online, PID 5996
[ 2015-12-31 13:20:40.9929 6001/7f574f9e47c0 age/Ust/UstRouterMain.cpp:504 ]: Starting Passenger UstRouter...
[ 2015-12-31 13:20:40.9933 6001/7f574f9e47c0 age/Ust/UstRouterMain.cpp:317 ]: Passenger UstRouter online, PID 6001
App 6032 stdout: 

[ 2015-12-31 13:28:33.7346 5996/7f0285410700 age/Cor/CoreMain.cpp:507 ]: Signal received. Gracefully shutting down... (send signal 2 more time(s) to force shutdown)
[ 2015-12-31 13:28:33.7347 5996/7f028bbe37c0 age/Cor/CoreMain.cpp:876 ]: Received command to shutdown gracefully. Waiting until all clients have disconnected...
[ 2015-12-31 13:28:33.7347 5996/7f028bbe37c0 age/Cor/CoreMain.cpp:794 ]: Disconnecting long-running connections for process 6032, application /var/www/othodiapp/code/public (production)
[ 2015-12-31 13:28:33.7347 5996/7f0284c0f700 Ser/Server.h:759 ]: [ApiServer] Freed 0 spare client objects
[ 2015-12-31 13:28:33.7347 5996/7f0284c0f700 Ser/Server.h:444 ]: [ApiServer] Shutdown finished
[ 2015-12-31 13:28:33.7348 5996/7f0285410700 Ser/Server.h:759 ]: [ServerThr.1] Freed 128 spare client objects
[ 2015-12-31 13:28:33.7349 5996/7f0285410700 Ser/Server.h:444 ]: [ServerThr.1] Shutdown finished
[ 2015-12-31 13:28:33.7349 5996/7f028bbe37c0 age/Cor/CoreMain.cpp:794 ]: Disconnecting long-running connections for process 6032, application /var/www/othodiapp/code/public (production)

[ 2015-12-31 13:28:33.7350 6001/7f57491d6700 age/Ust/UstRouterMain.cpp:397 ]: Signal received. Gracefully shutting down... (send signal 2 more time(s) to force shutdown)
[ 2015-12-31 13:28:33.7350 6001/7f574f9e47c0 age/Ust/UstRouterMain.cpp:467 ]: Received command to shutdown gracefully. Waiting until all clients have disconnected...
[ 2015-12-31 13:28:33.7351 6001/7f57489d5700 Ser/Server.h:759 ]: [UstRouterApiServer] Freed 0 spare client objects
[ 2015-12-31 13:28:33.7351 6001/7f57489d5700 Ser/Server.h:444 ]: [UstRouterApiServer] Shutdown finished
[ 2015-12-31 13:28:33.7352 6001/7f57491d6700 Ser/Server.h:444 ]: [UstRouter] Shutdown finished
[ 2015-12-31 13:28:33.7353 6001/7f574f9e47c0 age/Ust/UstRouterMain.cpp:498 ]: Passenger UstRouter shutdown finished
[ 2015-12-31 13:28:33.8436 5996/7f028bbe37c0 age/Cor/CoreMain.cpp:942 ]: Passenger core shutdown finished
[ 2015-12-31 14:45:19.0201 6940/7f35a34de7c0 age/Wat/WatchdogMain.cpp:1276 ]: Starting Passenger watchdog...
[ 2015-12-31 14:45:19.0257 6943/7f586be177c0 age/Cor/CoreMain.cpp:957 ]: Starting Passenger core...
[ 2015-12-31 14:45:19.0258 6943/7f586be177c0 age/Cor/CoreMain.cpp:234 ]: Passenger core running in multi-application mode.
[ 2015-12-31 14:45:19.0271 6943/7f586be177c0 age/Cor/CoreMain.cpp:707 ]: Passenger core online, PID 6943
[ 2015-12-31 14:45:19.0328 6948/7fe458dcb7c0 age/Ust/UstRouterMain.cpp:504 ]: Starting Passenger UstRouter...
[ 2015-12-31 14:45:19.0332 6948/7fe458dcb7c0 age/Ust/UstRouterMain.cpp:317 ]: Passenger UstRouter online, PID 6948
[ 2015-12-31 14:45:21.0549 6943/7f5864642700 age/Cor/Spa/Spawner.h:789 ]: Cannot access /var/www/othodiapp/code/REVISION: Cannot stat '/var/www/othodiapp/code/REVISION': Permission denied (errno=13)
[ 2015-12-31 14:45:21.0577 6943/7f5864642700 age/Cor/App/Implementation.cpp:304 ]: Could not spawn process for application /var/www/othodiapp/code: An error occured while starting the web application.
  Error ID: 309d7ced
  Error details saved to: /tmp/passenger-error-gEutWW.html
  Message from application: This web application process is being run as user 'othodi' and group 'othodi' and must be able to access its application root directory '/var/www/othodiapp/code'. However this directory is not accessible because it has wrong permissions. Please fix these permissions first.


[ 2015-12-31 14:45:21.0612 6943/7f5865644700 age/Cor/Con/CheckoutSession.cpp:277 ]: [Client 1-1] Cannot checkout session because a spawning error occurred. The identifier of the error is 309d7ced. Please see earlier logs for details about the error.
[ 2015-12-31 14:47:31.4711 6943/7f5864642700 age/Cor/Spa/Spawner.h:789 ]: Cannot access /var/www/othodiapp/code/REVISION: Cannot stat '/var/www/othodiapp/code/REVISION': Permission denied (errno=13)
[ 2015-12-31 14:47:31.4726 6943/7f5864642700 age/Cor/App/Implementation.cpp:304 ]: Could not spawn process for application /var/www/othodiapp/code: An error occured while starting the web application.
  Error ID: 2c7495e7
  Error details saved to: /tmp/passenger-error-e9zGFI.html
  Message from application: This web application process is being run as user 'othodi' and group 'othodi' and must be able to access its application root directory '/var/www/othodiapp/code'. However this directory is not accessible because it has wrong permissions. Please fix these permissions first.


[ 2015-12-31 14:47:31.4752 6943/7f5865644700 age/Cor/Con/CheckoutSession.cpp:277 ]: [Client 1-2] Cannot checkout session because a spawning error occurred. The identifier of the error is 2c7495e7. Please see earlier logs for details about the error.

[ 2015-12-31 14:48:18.2582 6943/7f5865644700 age/Cor/CoreMain.cpp:507 ]: Signal received. Gracefully shutting down... (send signal 2 more time(s) to force shutdown)
[ 2015-12-31 14:48:18.2582 6943/7f586be177c0 age/Cor/CoreMain.cpp:876 ]: Received command to shutdown gracefully. Waiting until all clients have disconnected...
[ 2015-12-31 14:48:18.2583 6943/7f5864e43700 Ser/Server.h:759 ]: [ApiServer] Freed 0 spare client objects
[ 2015-12-31 14:48:18.2583 6943/7f5864e43700 Ser/Server.h:444 ]: [ApiServer] Shutdown finished
[ 2015-12-31 14:48:18.2584 6943/7f5865644700 Ser/Server.h:759 ]: [ServerThr.1] Freed 128 spare client objects
[ 2015-12-31 14:48:18.2584 6943/7f5865644700 Ser/Server.h:444 ]: [ServerThr.1] Shutdown finished

[ 2015-12-31 14:48:18.2585 6948/7fe4525bd700 age/Ust/UstRouterMain.cpp:397 ]: Signal received. Gracefully shutting down... (send signal 2 more time(s) to force shutdown)
[ 2015-12-31 14:48:18.2585 6948/7fe458dcb7c0 age/Ust/UstRouterMain.cpp:467 ]: Received command to shutdown gracefully. Waiting until all clients have disconnected...
[ 2015-12-31 14:48:18.2585 6948/7fe451dbc700 Ser/Server.h:759 ]: [UstRouterApiServer] Freed 0 spare client objects
[ 2015-12-31 14:48:18.2586 6948/7fe451dbc700 Ser/Server.h:444 ]: [UstRouterApiServer] Shutdown finished
[ 2015-12-31 14:48:18.2587 6948/7fe4525bd700 Ser/Server.h:444 ]: [UstRouter] Shutdown finished
[ 2015-12-31 14:48:18.2587 6948/7fe458dcb7c0 age/Ust/UstRouterMain.cpp:498 ]: Passenger UstRouter shutdown finished
[ 2015-12-31 14:48:18.2597 6943/7f586be177c0 age/Cor/CoreMain.cpp:942 ]: Passenger core shutdown finished
[ 2015-12-31 14:49:26.0914 7128/7fd8811ae7c0 age/Wat/WatchdogMain.cpp:1276 ]: Starting Passenger watchdog...
[ 2015-12-31 14:49:26.0972 7131/7fbf2cbd37c0 age/Cor/CoreMain.cpp:957 ]: Starting Passenger core...
[ 2015-12-31 14:49:26.0974 7131/7fbf2cbd37c0 age/Cor/CoreMain.cpp:234 ]: Passenger core running in multi-application mode.
[ 2015-12-31 14:49:26.0987 7131/7fbf2cbd37c0 age/Cor/CoreMain.cpp:707 ]: Passenger core online, PID 7131
[ 2015-12-31 14:49:26.1056 7136/7ff58d37e7c0 age/Ust/UstRouterMain.cpp:504 ]: Starting Passenger UstRouter...
[ 2015-12-31 14:49:26.1061 7136/7ff58d37e7c0 age/Ust/UstRouterMain.cpp:317 ]: Passenger UstRouter online, PID 7136
App 7167 stdout: 

[ 2015-12-31 15:08:19.7832 7131/7fbf26400700 age/Cor/CoreMain.cpp:507 ]: Signal received. Gracefully shutting down... (send signal 2 more time(s) to force shutdown)
[ 2015-12-31 15:08:19.7832 7131/7fbf2cbd37c0 age/Cor/CoreMain.cpp:876 ]: Received command to shutdown gracefully. Waiting until all clients have disconnected...
[ 2015-12-31 15:08:19.7832 7131/7fbf2cbd37c0 age/Cor/CoreMain.cpp:794 ]: Disconnecting long-running connections for process 7167, application /var/www/othodiapp/code/public (production)
[ 2015-12-31 15:08:19.7833 7131/7fbf25bff700 Ser/Server.h:759 ]: [ApiServer] Freed 0 spare client objects
[ 2015-12-31 15:08:19.7833 7131/7fbf25bff700 Ser/Server.h:444 ]: [ApiServer] Shutdown finished
[ 2015-12-31 15:08:19.7834 7131/7fbf26400700 Ser/Server.h:759 ]: [ServerThr.1] Freed 128 spare client objects
[ 2015-12-31 15:08:19.7834 7131/7fbf26400700 Ser/Server.h:444 ]: [ServerThr.1] Shutdown finished
[ 2015-12-31 15:08:19.7835 7131/7fbf2cbd37c0 age/Cor/CoreMain.cpp:794 ]: Disconnecting long-running connections for process 7167, application /var/www/othodiapp/code/public (production)

[ 2015-12-31 15:08:19.7836 7136/7ff586b70700 age/Ust/UstRouterMain.cpp:397 ]: Signal received. Gracefully shutting down... (send signal 2 more time(s) to force shutdown)
[ 2015-12-31 15:08:19.7836 7136/7ff58d37e7c0 age/Ust/UstRouterMain.cpp:467 ]: Received command to shutdown gracefully. Waiting until all clients have disconnected...
[ 2015-12-31 15:08:19.7836 7136/7ff58636f700 Ser/Server.h:759 ]: [UstRouterApiServer] Freed 0 spare client objects
[ 2015-12-31 15:08:19.7836 7136/7ff58636f700 Ser/Server.h:444 ]: [UstRouterApiServer] Shutdown finished
[ 2015-12-31 15:08:19.7837 7136/7ff586b70700 Ser/Server.h:444 ]: [UstRouter] Shutdown finished
[ 2015-12-31 15:08:19.7838 7136/7ff58d37e7c0 age/Ust/UstRouterMain.cpp:498 ]: Passenger UstRouter shutdown finished
[ 2015-12-31 15:08:19.8935 7131/7fbf2cbd37c0 age/Cor/CoreMain.cpp:942 ]: Passenger core shutdown finished
[ 2015-12-31 15:09:30.6510 7803/7f786c72f7c0 age/Wat/WatchdogMain.cpp:1276 ]: Starting Passenger watchdog...
[ 2015-12-31 15:09:30.6565 7806/7f3355e8f7c0 age/Cor/CoreMain.cpp:957 ]: Starting Passenger core...
[ 2015-12-31 15:09:30.6566 7806/7f3355e8f7c0 age/Cor/CoreMain.cpp:234 ]: Passenger core running in multi-application mode.
[ 2015-12-31 15:09:30.6579 7806/7f3355e8f7c0 age/Cor/CoreMain.cpp:707 ]: Passenger core online, PID 7806
[ 2015-12-31 15:09:30.6634 7811/7f911fe0c7c0 age/Ust/UstRouterMain.cpp:504 ]: Starting Passenger UstRouter...
[ 2015-12-31 15:09:30.6639 7811/7f911fe0c7c0 age/Ust/UstRouterMain.cpp:317 ]: Passenger UstRouter online, PID 7811
App 7842 stdout: 

[ 2016-01-02 11:50:52.1357 7806/7f334f6bc700 age/Cor/CoreMain.cpp:507 ]: Signal received. Gracefully shutting down... (send signal 2 more time(s) to force shutdown)
[ 2016-01-02 11:50:52.1357 7806/7f3355e8f7c0 age/Cor/CoreMain.cpp:876 ]: Received command to shutdown gracefully. Waiting until all clients have disconnected...
[ 2016-01-02 11:50:52.1357 7806/7f3355e8f7c0 age/Cor/CoreMain.cpp:794 ]: Disconnecting long-running connections for process 7842, application /var/www/othodiapp/code/public (production)
[ 2016-01-02 11:50:52.1358 7806/7f334eebb700 Ser/Server.h:759 ]: [ApiServer] Freed 0 spare client objects
[ 2016-01-02 11:50:52.1358 7806/7f334eebb700 Ser/Server.h:444 ]: [ApiServer] Shutdown finished
[ 2016-01-02 11:50:52.1359 7806/7f334f6bc700 Ser/Server.h:759 ]: [ServerThr.1] Freed 128 spare client objects
[ 2016-01-02 11:50:52.1359 7806/7f334f6bc700 Ser/Server.h:444 ]: [ServerThr.1] Shutdown finished
[ 2016-01-02 11:50:52.1359 7806/7f3355e8f7c0 age/Cor/CoreMain.cpp:794 ]: Disconnecting long-running connections for process 7842, application /var/www/othodiapp/code/public (production)

[ 2016-01-02 11:50:52.1361 7811/7f91195fe700 age/Ust/UstRouterMain.cpp:397 ]: Signal received. Gracefully shutting down... (send signal 2 more time(s) to force shutdown)
[ 2016-01-02 11:50:52.1361 7811/7f911fe0c7c0 age/Ust/UstRouterMain.cpp:467 ]: Received command to shutdown gracefully. Waiting until all clients have disconnected...
[ 2016-01-02 11:50:52.1361 7811/7f9118dfd700 Ser/Server.h:759 ]: [UstRouterApiServer] Freed 0 spare client objects
[ 2016-01-02 11:50:52.1361 7811/7f9118dfd700 Ser/Server.h:444 ]: [UstRouterApiServer] Shutdown finished
[ 2016-01-02 11:50:52.1363 7811/7f91195fe700 Ser/Server.h:444 ]: [UstRouter] Shutdown finished
[ 2016-01-02 11:50:52.1364 7811/7f911fe0c7c0 age/Ust/UstRouterMain.cpp:498 ]: Passenger UstRouter shutdown finished
[ 2016-01-02 11:50:52.2454 7806/7f3355e8f7c0 age/Cor/CoreMain.cpp:942 ]: Passenger core shutdown finished
[ 2016-01-02 11:50:58.3975 12959/7fbee09517c0 age/Wat/WatchdogMain.cpp:1276 ]: Starting Passenger watchdog...
[ 2016-01-02 11:50:58.4030 12962/7fa8539ad7c0 age/Cor/CoreMain.cpp:957 ]: Starting Passenger core...
[ 2016-01-02 11:50:58.4031 12962/7fa8539ad7c0 age/Cor/CoreMain.cpp:234 ]: Passenger core running in multi-application mode.
[ 2016-01-02 11:50:58.4044 12962/7fa8539ad7c0 age/Cor/CoreMain.cpp:707 ]: Passenger core online, PID 12962
[ 2016-01-02 11:50:58.4100 12967/7f24e0daa7c0 age/Ust/UstRouterMain.cpp:504 ]: Starting Passenger UstRouter...
[ 2016-01-02 11:50:58.4104 12967/7f24e0daa7c0 age/Ust/UstRouterMain.cpp:317 ]: Passenger UstRouter online, PID 12967
App 12998 stdout: 

[ 2016-01-02 11:51:20.0649 12962/7fa84d1da700 age/Cor/CoreMain.cpp:507 ]: Signal received. Gracefully shutting down... (send signal 2 more time(s) to force shutdown)
[ 2016-01-02 11:51:20.0649 12962/7fa8539ad7c0 age/Cor/CoreMain.cpp:876 ]: Received command to shutdown gracefully. Waiting until all clients have disconnected...
[ 2016-01-02 11:51:20.0649 12962/7fa8539ad7c0 age/Cor/CoreMain.cpp:794 ]: Disconnecting long-running connections for process 12998, application /var/www/othodiapp/code/public (production)
[ 2016-01-02 11:51:20.0650 12962/7fa84c9d9700 Ser/Server.h:759 ]: [ApiServer] Freed 0 spare client objects
[ 2016-01-02 11:51:20.0650 12962/7fa84c9d9700 Ser/Server.h:444 ]: [ApiServer] Shutdown finished
[ 2016-01-02 11:51:20.0651 12962/7fa84d1da700 Ser/Server.h:759 ]: [ServerThr.1] Freed 128 spare client objects
[ 2016-01-02 11:51:20.0651 12962/7fa84d1da700 Ser/Server.h:444 ]: [ServerThr.1] Shutdown finished
[ 2016-01-02 11:51:20.0651 12962/7fa8539ad7c0 age/Cor/CoreMain.cpp:794 ]: Disconnecting long-running connections for process 12998, application /var/www/othodiapp/code/public (production)

[ 2016-01-02 11:51:20.0652 12967/7f24da59c700 age/Ust/UstRouterMain.cpp:397 ]: Signal received. Gracefully shutting down... (send signal 2 more time(s) to force shutdown)
[ 2016-01-02 11:51:20.0652 12967/7f24e0daa7c0 age/Ust/UstRouterMain.cpp:467 ]: Received command to shutdown gracefully. Waiting until all clients have disconnected...
[ 2016-01-02 11:51:20.0653 12967/7f24d9d9b700 Ser/Server.h:759 ]: [UstRouterApiServer] Freed 0 spare client objects
[ 2016-01-02 11:51:20.0653 12967/7f24d9d9b700 Ser/Server.h:444 ]: [UstRouterApiServer] Shutdown finished
[ 2016-01-02 11:51:20.0654 12967/7f24da59c700 Ser/Server.h:444 ]: [UstRouter] Shutdown finished
[ 2016-01-02 11:51:20.0655 12967/7f24e0daa7c0 age/Ust/UstRouterMain.cpp:498 ]: Passenger UstRouter shutdown finished
[ 2016-01-02 11:51:20.1720 12962/7fa8539ad7c0 age/Cor/CoreMain.cpp:942 ]: Passenger core shutdown finished
